<?xml version="1.0" encoding="UTF-8"?>
<robot generator="Rebot 7.0.1 (Python 3.12.4 on darwin)" generated="2024-08-14T17:24:40.567815" rpa="false" schemaversion="5">
<suite id="s1" name="Suites">
<suite id="s1-s1" name="Prueba1" source="/Users/mauricio/Documents/Pycharm/pythonProject/Curso_Selenium/Test_Cases4/Prueba1.robot">
<test id="s1-s1-t1" name="Demo uno" line="12">
<kw name="Inicio">
<for flavor="IN RANGE">
<iter>
<kw name="Open Browser" owner="SeleniumLibrary">
<msg time="2024-08-14T17:22:22.001686" level="INFO">Opening browser 'chrome' to base url 'https://demoqa.com/text-box'.</msg>
<arg>${url}</arg>
<arg>${navegador}</arg>
<doc>Opens a new browser instance to the optional ``url``.</doc>
<status status="PASS" start="2024-08-14T17:22:22.001570" elapsed="2.481497"/>
</kw>
<kw name="Maximize Browser Window" owner="SeleniumLibrary">
<doc>Maximizes current browser window.</doc>
<status status="PASS" start="2024-08-14T17:22:24.484594" elapsed="53.416560"/>
</kw>
<kw name="Title Should Be" owner="SeleniumLibrary">
<msg time="2024-08-14T17:23:19.144837" level="INFO">Page title is 'DEMOQA'.</msg>
<arg>DEMOQA</arg>
<doc>Verifies that the current page title equals ``title``.</doc>
<status status="PASS" start="2024-08-14T17:23:18.126560" elapsed="1.049216"/>
</kw>
<kw name="Set Selenium Implicit Wait" owner="SeleniumLibrary">
<arg>10</arg>
<doc>Sets the implicit wait value used by Selenium.</doc>
<status status="PASS" start="2024-08-14T17:23:19.194595" elapsed="0.043434"/>
</kw>
<kw name="F_texto" owner="Funciones">
<kw name="Wait Until Element Is Visible" owner="SeleniumLibrary">
<arg>${sel}</arg>
<doc>Waits until the element ``locator`` is visible.</doc>
<status status="PASS" start="2024-08-14T17:23:19.260872" elapsed="0.444523"/>
</kw>
<kw name="Wait Until Element Is Enabled" owner="SeleniumLibrary">
<arg>${sel}</arg>
<doc>Waits until the element ``locator`` is enabled.</doc>
<status status="PASS" start="2024-08-14T17:23:19.709346" elapsed="0.140258"/>
</kw>
<kw name="Element Should Be Visible" owner="SeleniumLibrary">
<msg time="2024-08-14T17:23:19.906934" level="INFO">Element '//input[@id='userName']' is displayed.</msg>
<arg>${sel}</arg>
<doc>Verifies that the element identified by ``locator`` is visible.</doc>
<status status="PASS" start="2024-08-14T17:23:19.852101" elapsed="0.055317"/>
</kw>
<kw name="Clear Element Text" owner="SeleniumLibrary">
<arg>${sel}</arg>
<doc>Clears the value of the text-input-element identified by ``locator``.</doc>
<status status="PASS" start="2024-08-14T17:23:19.907806" elapsed="0.117868"/>
</kw>
<kw name="Input Text" owner="SeleniumLibrary">
<msg time="2024-08-14T17:23:20.031146" level="INFO">Typing text 'Mauricio' into text field '//input[@id='userName']'.</msg>
<arg>${sel}</arg>
<arg>${dato}</arg>
<doc>Types the given ``text`` into the text field identified by ``locator``.</doc>
<status status="PASS" start="2024-08-14T17:23:20.030133" elapsed="1.404631"/>
</kw>
<kw name="Capture Element Screenshot" owner="SeleniumLibrary">
<msg time="2024-08-14T17:23:25.635591" level="INFO" html="true">&lt;/td&gt;&lt;/tr&gt;&lt;tr&gt;&lt;td colspan="3"&gt;&lt;a href="../../Test_Cases3/Reportes_Practica_excel_python/IMG/Mauricio.png"&gt;&lt;img src="../../Test_Cases3/Reportes_Practica_excel_python/IMG/Mauricio.png" width="400px"&gt;&lt;/a&gt;</msg>
<arg>${sel}</arg>
<arg>${ruta_fotos_pagina}${dato}.png</arg>
<doc>Captures a screenshot from the element identified by ``locator`` and embeds it into log file.</doc>
<status status="PASS" start="2024-08-14T17:23:21.519193" elapsed="4.129051"/>
</kw>
<arg>//input[@id='userName']</arg>
<arg>Mauricio</arg>
<status status="PASS" start="2024-08-14T17:23:19.248794" elapsed="6.423537"/>
</kw>
<var name="${i}">1</var>
<status status="PASS" start="2024-08-14T17:22:22.001338" elapsed="63.672238"/>
</iter>
<iter>
<kw name="Open Browser" owner="SeleniumLibrary">
<msg time="2024-08-14T17:23:25.693426" level="INFO">Opening browser 'chrome' to base url 'https://demoqa.com/text-box'.</msg>
<arg>${url}</arg>
<arg>${navegador}</arg>
<doc>Opens a new browser instance to the optional ``url``.</doc>
<status status="PASS" start="2024-08-14T17:23:25.678619" elapsed="24.293545"/>
</kw>
<kw name="Maximize Browser Window" owner="SeleniumLibrary">
<doc>Maximizes current browser window.</doc>
<status status="PASS" start="2024-08-14T17:23:50.083509" elapsed="48.168697"/>
</kw>
<kw name="Title Should Be" owner="SeleniumLibrary">
<msg time="2024-08-14T17:24:38.645213" level="WARN">Keyword 'Capture Page Screenshot' could not be run on failure: Message: no such window: target window already closed
from unknown error: web view not found
  (Session info: chrome=127.0.6533.101)
Stacktrace:
0   chromedriver                        0x0000000104b91024 cxxbridge1$str$ptr + 1887276
1   chromedriver                        0x0000000104b89700 cxxbridge1$str$ptr + 1856264
2   chromedriver                        0x000000010479882c cxxbridge1$string$len + 88524
3   chromedriver                        0x0000000104773e50 core::str::slice_error_fail::he7b2aa4898bc357e + 3908
4   chromedriver                        0x0000000104801574 cxxbridge1$string$len + 517908
5   chromedriver                        0x0000000104813dd8 cxxbridge1$string$len + 593784
6   chromedriver                        0x00000001047d1474 cxxbridge1$string$len + 321044
7   chromedriver                        0x00000001047d20e4 cxxbridge1$string$len + 324228
8   chromedriver                        0x0000000104b58a08 cxxbridge1$str$ptr + 1656336
9   chromedriver                        0x0000000104b5d464 cxxbridge1$str$ptr + 1675372
10  chromedriver                        0x0000000104b3e8ec cxxbridge1$str$ptr + 1549556
11  chromedriver                        0x0000000104b5dc14 cxxbridge1$str$ptr + 1677340
12  chromedriver                        0x0000000104b305fc cxxbridge1$str$ptr + 1491460
13  chromedriver                        0x0000000104b7aa5c cxxbridge1$str$ptr + 1795684
14  chromedriver                        0x0000000104b7abd8 cxxbridge1$str$ptr + 1796064
15  chromedriver                        0x0000000104b89334 cxxbridge1$str$ptr + 1855292
16  libsystem_pthread.dylib             0x0000000186332f94 _pthread_start + 136
17  libsystem_pthread.dylib             0x000000018632dd34 thread_start + 8
</msg>
<msg time="2024-08-14T17:24:39.006204" level="FAIL">NoSuchWindowException: Message: no such window: target window already closed
from unknown error: web view not found
  (Session info: chrome=127.0.6533.101)
Stacktrace:
0   chromedriver                        0x0000000104b91024 cxxbridge1$str$ptr + 1887276
1   chromedriver                        0x0000000104b89700 cxxbridge1$str$ptr + 1856264
2   chromedriver                        0x000000010479882c cxxbridge1$string$len + 88524
3   chromedriver                        0x0000000104773e50 core::str::slice_error_fail::he7b2aa4898bc357e + 3908
4   chromedriver                        0x0000000104801574 cxxbridge1$string$len + 517908
5   chromedriver                        0x0000000104813dd8 cxxbridge1$string$len + 593784
6   chromedriver                        0x00000001047d1474 cxxbridge1$string$len + 321044
7   chromedriver                        0x00000001047d20e4 cxxbridge1$string$len + 324228
8   chromedriver                        0x0000000104b58a08 cxxbridge1$str$ptr + 1656336
9   chromedriver                        0x0000000104b5d464 cxxbridge1$str$ptr + 1675372
10  chromedriver                        0x0000000104b3e8ec cxxbridge1$str$ptr + 1549556
11  chromedriver                        0x0000000104b5dc14 cxxbridge1$str$ptr + 1677340
12  chromedriver                        0x0000000104b305fc cxxbridge1$str$ptr + 1491460
13  chromedriver                        0x0000000104b7aa5c cxxbridge1$str$ptr + 1795684
14  chromedriver                        0x0000000104b7abd8 cxxbridge1$str$ptr + 1796064
15  chromedriver                        0x0000000104b89334 cxxbridge1$str$ptr + 1855292
16  libsystem_pthread.dylib             0x0000000186332f94 _pthread_start + 136
17  libsystem_pthread.dylib             0x000000018632dd34 thread_start + 8
</msg>
<arg>DEMOQA</arg>
<doc>Verifies that the current page title equals ``title``.</doc>
<status status="FAIL" start="2024-08-14T17:24:38.379786" elapsed="1.268310">NoSuchWindowException: Message: no such window: target window already closed
from unknown error: web view not found
  (Session info: chrome=127.0.6533.101)
Stacktrace:
0   chromedriver                        0x0000000104b91024 cxxbridge1$str$ptr + 1887276
1   chromedriver                        0x0000000104b89700 cxxbridge1$str$ptr + 1856264
2   chromedriver                        0x000000010479882c cxxbridge1$string$len + 88524
3   chromedriver                        0x0000000104773e50 core::str::slice_error_fail::he7b2aa4898bc357e + 3908
4   chromedriver                        0x0000000104801574 cxxbridge1$string$len + 517908
5   chromedriver                        0x0000000104813dd8 cxxbridge1$string$len + 593784
6   chromedriver                        0x00000001047d1474 cxxbridge1$string$len + 321044
7   chromedriver                        0x00000001047d20e4 cxxbridge1$string$len + 324228
8   chromedriver                        0x0000000104b58a08 cxxbridge1$str$ptr + 1656336
9   chromedriver                        0x0000000104b5d464 cxxbridge1$str$ptr + 1675372
10  chromedriver                        0x0000000104b3e8ec cxxbridge1$str$ptr + 1549556
11  chromedriver                        0x0000000104b5dc14 cxxbridge1$str$ptr + 1677340
12  chromedriver                        0x0000000104b305fc cxxbridge1$str$ptr + 1491460
13  chromedriver                        0x0000000104b7aa5c cxxbridge1$str$ptr + 1795684
14  chromedriver                        0x0000000104b7abd8 cxxbridge1$str$ptr + 1796064
15  chromedriver                        0x0000000104b89334 cxxbridge1$str$ptr + 1855292
16  libsystem_pthread.dylib             0x0000000186332f94 _pthread_start + 136
17  libsystem_pthread.dylib             0x000000018632dd34 thread_start + 8
</status>
</kw>
<kw name="Set Selenium Implicit Wait" owner="SeleniumLibrary">
<arg>10</arg>
<doc>Sets the implicit wait value used by Selenium.</doc>
<status status="NOT RUN" start="2024-08-14T17:24:39.668630" elapsed="0.000198"/>
</kw>
<kw name="F_texto" owner="Funciones">
<arg>//input[@id='userName']</arg>
<arg>Mauricio</arg>
<status status="NOT RUN" start="2024-08-14T17:24:39.674170" elapsed="0.000204"/>
</kw>
<var name="${i}">2</var>
<status status="FAIL" start="2024-08-14T17:23:25.676214" elapsed="73.999045">NoSuchWindowException: Message: no such window: target window already closed
from unknown error: web view not found
  (Session info: chrome=127.0.6533.101)
Stacktrace:
0   chromedriver                        0x0000000104b91024 cxxbridge1$str$ptr + 1887276
1   chromedriver                        0x0000000104b89700 cxxbridge1$str$ptr + 1856264
2   chromedriver                        0x000000010479882c cxxbridge1$string$len + 88524
3   chromedriver                        0x0000000104773e50 core::str::slice_error_fail::he7b2aa4898bc357e + 3908
4   chromedriver                        0x0000000104801574 cxxbridge1$string$len + 517908
5   chromedriver                        0x0000000104813dd8 cxxbridge1$string$len + 593784
6   chromedriver                        0x00000001047d1474 cxxbridge1$string$len + 321044
7   chromedriver                        0x00000001047d20e4 cxxbridge1$string$len + 324228
8   chromedriver                        0x0000000104b58a08 cxxbridge1$str$ptr + 1656336
9   chromedriver                        0x0000000104b5d464 cxxbridge1$str$ptr + 1675372
10  chromedriver                        0x0000000104b3e8ec cxxbridge1$str$ptr + 1549556
11  chromedriver                        0x0000000104b5dc14 cxxbridge1$str$ptr + 1677340
12  chromedriver                        0x0000000104b305fc cxxbridge1$str$ptr + 1491460
13  chromedriver                        0x0000000104b7aa5c cxxbridge1$str$ptr + 1795684
14  chromedriver                        0x0000000104b7abd8 cxxbridge1$str$ptr + 1796064
15  chromedriver                        0x0000000104b89334 cxxbridge1$str$ptr + 1855292
16  libsystem_pthread.dylib             0x0000000186332f94 _pthread_start + 136
17  libsystem_pthread.dylib             0x000000018632dd34 thread_start + 8
</status>
</iter>
<var>${i}</var>
<value>1</value>
<value>4</value>
<status status="FAIL" start="2024-08-14T17:22:22.001239" elapsed="137.674834">NoSuchWindowException: Message: no such window: target window already closed
from unknown error: web view not found
  (Session info: chrome=127.0.6533.101)
Stacktrace:
0   chromedriver                        0x0000000104b91024 cxxbridge1$str$ptr + 1887276
1   chromedriver                        0x0000000104b89700 cxxbridge1$str$ptr + 1856264
2   chromedriver                        0x000000010479882c cxxbridge1$string$len + 88524
3   chromedriver                        0x0000000104773e50 core::str::slice_error_fail::he7b2aa4898bc357e + 3908
4   chromedriver                        0x0000000104801574 cxxbridge1$string$len + 517908
5   chromedriver                        0x0000000104813dd8 cxxbridge1$string$len + 593784
6   chromedriver                        0x00000001047d1474 cxxbridge1$string$len + 321044
7   chromedriver                        0x00000001047d20e4 cxxbridge1$string$len + 324228
8   chromedriver                        0x0000000104b58a08 cxxbridge1$str$ptr + 1656336
9   chromedriver                        0x0000000104b5d464 cxxbridge1$str$ptr + 1675372
10  chromedriver                        0x0000000104b3e8ec cxxbridge1$str$ptr + 1549556
11  chromedriver                        0x0000000104b5dc14 cxxbridge1$str$ptr + 1677340
12  chromedriver                        0x0000000104b305fc cxxbridge1$str$ptr + 1491460
13  chromedriver                        0x0000000104b7aa5c cxxbridge1$str$ptr + 1795684
14  chromedriver                        0x0000000104b7abd8 cxxbridge1$str$ptr + 1796064
15  chromedriver                        0x0000000104b89334 cxxbridge1$str$ptr + 1855292
16  libsystem_pthread.dylib             0x0000000186332f94 _pthread_start + 136
17  libsystem_pthread.dylib             0x000000018632dd34 thread_start + 8
</status>
</for>
<tag>test_uno</tag>
<doc>Prueba Paralelo</doc>
<status status="FAIL" start="2024-08-14T17:22:22.001120" elapsed="137.680786">NoSuchWindowException: Message: no such window: target window already closed
from unknown error: web view not found
  (Session info: chrome=127.0.6533.101)
Stacktrace:
0   chromedriver                        0x0000000104b91024 cxxbridge1$str$ptr + 1887276
1   chromedriver                        0x0000000104b89700 cxxbridge1$str$ptr + 1856264
2   chromedriver                        0x000000010479882c cxxbridge1$string$len + 88524
3   chromedriver                        0x0000000104773e50 core::str::slice_error_fail::he7b2aa4898bc357e + 3908
4   chromedriver                        0x0000000104801574 cxxbridge1$string$len + 517908
5   chromedriver                        0x0000000104813dd8 cxxbridge1$string$len + 593784
6   chromedriver                        0x00000001047d1474 cxxbridge1$string$len + 321044
7   chromedriver                        0x00000001047d20e4 cxxbridge1$string$len + 324228
8   chromedriver                        0x0000000104b58a08 cxxbridge1$str$ptr + 1656336
9   chromedriver                        0x0000000104b5d464 cxxbridge1$str$ptr + 1675372
10  chromedriver                        0x0000000104b3e8ec cxxbridge1$str$ptr + 1549556
11  chromedriver                        0x0000000104b5dc14 cxxbridge1$str$ptr + 1677340
12  chromedriver                        0x0000000104b305fc cxxbridge1$str$ptr + 1491460
13  chromedriver                        0x0000000104b7aa5c cxxbridge1$str$ptr + 1795684
14  chromedriver                        0x0000000104b7abd8 cxxbridge1$str$ptr + 1796064
15  chromedriver                        0x0000000104b89334 cxxbridge1$str$ptr + 1855292
16  libsystem_pthread.dylib             0x0000000186332f94 _pthread_start + 136
17  libsystem_pthread.dylib             0x000000018632dd34 thread_start + 8
</status>
</kw>
<kw name="Final">
<status status="NOT RUN" start="2024-08-14T17:24:39.684107" elapsed="0.000081"/>
</kw>
<status status="FAIL" start="2024-08-14T17:22:22.000873" elapsed="137.685363">NoSuchWindowException: Message: no such window: target window already closed
from unknown error: web view not found
  (Session info: chrome=127.0.6533.101)
Stacktrace:
0   chromedriver                        0x0000000104b91024 cxxbridge1$str$ptr + 1887276
1   chromedriver                        0x0000000104b89700 cxxbridge1$str$ptr + 1856264
2   chromedriver                        0x000000010479882c cxxbridge1$string$len + 88524
3   chromedriver                        0x0000000104773e50 core::str::slice_error_fail::he7b2aa4898bc357e + 3908
4   chromedriver                        0x0000000104801574 cxxbridge1$string$len + 517908
5   chromedriver                        0x0000000104813dd8 cxxbridge1$string$len + 593784
6   chromedriver                        0x00000001047d1474 cxxbridge1$string$len + 321044
7   chromedriver                        0x00000001047d20e4 cxxbridge1$string$len + 324228
8   chromedriver                        0x0000000104b58a08 cxxbridge1$str$ptr + 1656336
9   chromedriver                        0x0000000104b5d464 cxxbridge1$str$ptr + 1675372
10  chromedriver                        0x0000000104b3e8ec cxxbridge1$str$ptr + 1549556
11  chromedriver                        0x0000000104b5dc14 cxxbridge1$str$ptr + 1677340
12  chromedriver                        0x0000000104b305fc cxxbridge1$str$ptr + 1491460
13  chromedriver                        0x0000000104b7aa5c cxxbridge1$str$ptr + 1795684
14  chromedriver                        0x0000000104b7abd8 cxxbridge1$str$ptr + 1796064
15  chromedriver                        0x0000000104b89334 cxxbridge1$str$ptr + 1855292
16  libsystem_pthread.dylib             0x0000000186332f94 _pthread_start + 136
17  libsystem_pthread.dylib             0x000000018632dd34 thread_start + 8
</status>
</test>
<doc>Prueba uno</doc>
<status status="FAIL" start="2024-08-14T17:22:21.927000" elapsed="137.771220"/>
</suite>
<suite id="s1-s2" name="Prueba2" source="/Users/mauricio/Documents/Pycharm/pythonProject/Curso_Selenium/Test_Cases4/Prueba2.robot">
<test id="s1-s2-t1" name="Demo uno" line="12">
<kw name="Inicio">
<for flavor="IN RANGE">
<iter>
<kw name="Open Browser" owner="SeleniumLibrary">
<msg time="2024-08-14T17:22:22.001844" level="INFO">Opening browser 'chrome' to base url 'https://demoqa.com/text-box'.</msg>
<arg>${url}</arg>
<arg>${navegador}</arg>
<doc>Opens a new browser instance to the optional ``url``.</doc>
<status status="PASS" start="2024-08-14T17:22:22.001721" elapsed="11.958473"/>
</kw>
<kw name="Maximize Browser Window" owner="SeleniumLibrary">
<doc>Maximizes current browser window.</doc>
<status status="PASS" start="2024-08-14T17:22:33.982389" elapsed="1.532931"/>
</kw>
<kw name="Title Should Be" owner="SeleniumLibrary">
<msg time="2024-08-14T17:22:35.551142" level="INFO">Page title is 'DEMOQA'.</msg>
<arg>DEMOQA</arg>
<doc>Verifies that the current page title equals ``title``.</doc>
<status status="PASS" start="2024-08-14T17:22:35.522760" elapsed="0.028865"/>
</kw>
<kw name="Set Selenium Implicit Wait" owner="SeleniumLibrary">
<arg>10</arg>
<doc>Sets the implicit wait value used by Selenium.</doc>
<status status="PASS" start="2024-08-14T17:22:35.552718" elapsed="0.037371"/>
</kw>
<kw name="F_texto" owner="Funciones">
<kw name="Wait Until Element Is Visible" owner="SeleniumLibrary">
<arg>${sel}</arg>
<doc>Waits until the element ``locator`` is visible.</doc>
<status status="PASS" start="2024-08-14T17:22:35.600507" elapsed="0.099160"/>
</kw>
<kw name="Wait Until Element Is Enabled" owner="SeleniumLibrary">
<arg>${sel}</arg>
<doc>Waits until the element ``locator`` is enabled.</doc>
<status status="PASS" start="2024-08-14T17:22:35.700824" elapsed="0.073891"/>
</kw>
<kw name="Element Should Be Visible" owner="SeleniumLibrary">
<msg time="2024-08-14T17:22:35.855009" level="INFO">Element '//input[@id='userName']' is displayed.</msg>
<arg>${sel}</arg>
<doc>Verifies that the element identified by ``locator`` is visible.</doc>
<status status="PASS" start="2024-08-14T17:22:35.783538" elapsed="0.071613"/>
</kw>
<kw name="Clear Element Text" owner="SeleniumLibrary">
<arg>${sel}</arg>
<doc>Clears the value of the text-input-element identified by ``locator``.</doc>
<status status="PASS" start="2024-08-14T17:22:35.855329" elapsed="0.157115"/>
</kw>
<kw name="Input Text" owner="SeleniumLibrary">
<msg time="2024-08-14T17:22:36.025633" level="INFO">Typing text 'Mauricio' into text field '//input[@id='userName']'.</msg>
<arg>${sel}</arg>
<arg>${dato}</arg>
<doc>Types the given ``text`` into the text field identified by ``locator``.</doc>
<status status="PASS" start="2024-08-14T17:22:36.017420" elapsed="1.274963"/>
</kw>
<kw name="Capture Element Screenshot" owner="SeleniumLibrary">
<msg time="2024-08-14T17:22:39.032592" level="INFO" html="true">&lt;/td&gt;&lt;/tr&gt;&lt;tr&gt;&lt;td colspan="3"&gt;&lt;a href="../../Test_Cases3/Reportes_Practica_excel_python/IMG/Mauricio.png"&gt;&lt;img src="../../Test_Cases3/Reportes_Practica_excel_python/IMG/Mauricio.png" width="400px"&gt;&lt;/a&gt;</msg>
<arg>${sel}</arg>
<arg>${ruta_fotos_pagina}${dato}.png</arg>
<doc>Captures a screenshot from the element identified by ``locator`` and embeds it into log file.</doc>
<status status="PASS" start="2024-08-14T17:22:37.326428" elapsed="1.750261"/>
</kw>
<arg>//input[@id='userName']</arg>
<arg>Mauricio</arg>
<status status="PASS" start="2024-08-14T17:22:35.597295" elapsed="3.507230"/>
</kw>
<var name="${i}">1</var>
<status status="PASS" start="2024-08-14T17:22:22.001489" elapsed="17.130137"/>
</iter>
<iter>
<kw name="Open Browser" owner="SeleniumLibrary">
<msg time="2024-08-14T17:22:39.159759" level="INFO">Opening browser 'chrome' to base url 'https://demoqa.com/text-box'.</msg>
<arg>${url}</arg>
<arg>${navegador}</arg>
<doc>Opens a new browser instance to the optional ``url``.</doc>
<status status="PASS" start="2024-08-14T17:22:39.157028" elapsed="14.225718"/>
</kw>
<kw name="Maximize Browser Window" owner="SeleniumLibrary">
<doc>Maximizes current browser window.</doc>
<status status="PASS" start="2024-08-14T17:22:53.390181" elapsed="19.969466"/>
</kw>
<kw name="Title Should Be" owner="SeleniumLibrary">
<msg time="2024-08-14T17:23:13.572194" level="INFO">Page title is 'DEMOQA'.</msg>
<arg>DEMOQA</arg>
<doc>Verifies that the current page title equals ``title``.</doc>
<status status="PASS" start="2024-08-14T17:23:13.423131" elapsed="0.154727"/>
</kw>
<kw name="Set Selenium Implicit Wait" owner="SeleniumLibrary">
<arg>10</arg>
<doc>Sets the implicit wait value used by Selenium.</doc>
<status status="PASS" start="2024-08-14T17:23:13.584403" elapsed="0.071050"/>
</kw>
<kw name="F_texto" owner="Funciones">
<kw name="Wait Until Element Is Visible" owner="SeleniumLibrary">
<arg>${sel}</arg>
<doc>Waits until the element ``locator`` is visible.</doc>
<status status="PASS" start="2024-08-14T17:23:13.671983" elapsed="0.085788"/>
</kw>
<kw name="Wait Until Element Is Enabled" owner="SeleniumLibrary">
<arg>${sel}</arg>
<doc>Waits until the element ``locator`` is enabled.</doc>
<status status="PASS" start="2024-08-14T17:23:13.758190" elapsed="0.031367"/>
</kw>
<kw name="Element Should Be Visible" owner="SeleniumLibrary">
<msg time="2024-08-14T17:23:13.821428" level="INFO">Element '//input[@id='userName']' is displayed.</msg>
<arg>${sel}</arg>
<doc>Verifies that the element identified by ``locator`` is visible.</doc>
<status status="PASS" start="2024-08-14T17:23:13.791520" elapsed="0.030565"/>
</kw>
<kw name="Clear Element Text" owner="SeleniumLibrary">
<arg>${sel}</arg>
<doc>Clears the value of the text-input-element identified by ``locator``.</doc>
<status status="PASS" start="2024-08-14T17:23:13.822676" elapsed="0.104511"/>
</kw>
<kw name="Input Text" owner="SeleniumLibrary">
<msg time="2024-08-14T17:23:14.008736" level="INFO">Typing text 'Mauricio' into text field '//input[@id='userName']'.</msg>
<arg>${sel}</arg>
<arg>${dato}</arg>
<doc>Types the given ``text`` into the text field identified by ``locator``.</doc>
<status status="PASS" start="2024-08-14T17:23:13.978387" elapsed="7.866829"/>
</kw>
<kw name="Capture Element Screenshot" owner="SeleniumLibrary">
<msg time="2024-08-14T17:23:33.952672" level="INFO" html="true">&lt;/td&gt;&lt;/tr&gt;&lt;tr&gt;&lt;td colspan="3"&gt;&lt;a href="../../Test_Cases3/Reportes_Practica_excel_python/IMG/Mauricio.png"&gt;&lt;img src="../../Test_Cases3/Reportes_Practica_excel_python/IMG/Mauricio.png" width="400px"&gt;&lt;/a&gt;</msg>
<arg>${sel}</arg>
<arg>${ruta_fotos_pagina}${dato}.png</arg>
<doc>Captures a screenshot from the element identified by ``locator`` and embeds it into log file.</doc>
<status status="PASS" start="2024-08-14T17:23:21.872920" elapsed="12.113637"/>
</kw>
<arg>//input[@id='userName']</arg>
<arg>Mauricio</arg>
<status status="PASS" start="2024-08-14T17:23:13.664922" elapsed="20.365086"/>
</kw>
<var name="${i}">2</var>
<status status="PASS" start="2024-08-14T17:22:39.148478" elapsed="54.890114"/>
</iter>
<iter>
<kw name="Open Browser" owner="SeleniumLibrary">
<msg time="2024-08-14T17:23:34.070234" level="INFO">Opening browser 'chrome' to base url 'https://demoqa.com/text-box'.</msg>
<arg>${url}</arg>
<arg>${navegador}</arg>
<doc>Opens a new browser instance to the optional ``url``.</doc>
<status status="PASS" start="2024-08-14T17:23:34.055873" elapsed="16.006737"/>
</kw>
<kw name="Maximize Browser Window" owner="SeleniumLibrary">
<doc>Maximizes current browser window.</doc>
<status status="PASS" start="2024-08-14T17:23:50.136900" elapsed="46.168769"/>
</kw>
<kw name="Title Should Be" owner="SeleniumLibrary">
<msg time="2024-08-14T17:24:36.623855" level="WARN">Keyword 'Capture Page Screenshot' could not be run on failure: Message: no such window: target window already closed
from unknown error: web view not found
  (Session info: chrome=127.0.6533.101)
Stacktrace:
0   chromedriver                        0x0000000100d85024 cxxbridge1$str$ptr + 1887276
1   chromedriver                        0x0000000100d7d700 cxxbridge1$str$ptr + 1856264
2   chromedriver                        0x000000010098c82c cxxbridge1$string$len + 88524
3   chromedriver                        0x0000000100967e50 core::str::slice_error_fail::he7b2aa4898bc357e + 3908
4   chromedriver                        0x00000001009f5574 cxxbridge1$string$len + 517908
5   chromedriver                        0x0000000100a07dd8 cxxbridge1$string$len + 593784
6   chromedriver                        0x00000001009c5474 cxxbridge1$string$len + 321044
7   chromedriver                        0x00000001009c60e4 cxxbridge1$string$len + 324228
8   chromedriver                        0x0000000100d4ca08 cxxbridge1$str$ptr + 1656336
9   chromedriver                        0x0000000100d51464 cxxbridge1$str$ptr + 1675372
10  chromedriver                        0x0000000100d328ec cxxbridge1$str$ptr + 1549556
11  chromedriver                        0x0000000100d51c14 cxxbridge1$str$ptr + 1677340
12  chromedriver                        0x0000000100d245fc cxxbridge1$str$ptr + 1491460
13  chromedriver                        0x0000000100d6ea5c cxxbridge1$str$ptr + 1795684
14  chromedriver                        0x0000000100d6ebd8 cxxbridge1$str$ptr + 1796064
15  chromedriver                        0x0000000100d7d334 cxxbridge1$str$ptr + 1855292
16  libsystem_pthread.dylib             0x0000000186332f94 _pthread_start + 136
17  libsystem_pthread.dylib             0x000000018632dd34 thread_start + 8
</msg>
<msg time="2024-08-14T17:24:37.016494" level="FAIL">NoSuchWindowException: Message: no such window: target window already closed
from unknown error: web view not found
  (Session info: chrome=127.0.6533.101)
Stacktrace:
0   chromedriver                        0x0000000100d85024 cxxbridge1$str$ptr + 1887276
1   chromedriver                        0x0000000100d7d700 cxxbridge1$str$ptr + 1856264
2   chromedriver                        0x000000010098c82c cxxbridge1$string$len + 88524
3   chromedriver                        0x0000000100967e50 core::str::slice_error_fail::he7b2aa4898bc357e + 3908
4   chromedriver                        0x00000001009f5574 cxxbridge1$string$len + 517908
5   chromedriver                        0x0000000100a07dd8 cxxbridge1$string$len + 593784
6   chromedriver                        0x00000001009c5474 cxxbridge1$string$len + 321044
7   chromedriver                        0x00000001009c60e4 cxxbridge1$string$len + 324228
8   chromedriver                        0x0000000100d4ca08 cxxbridge1$str$ptr + 1656336
9   chromedriver                        0x0000000100d51464 cxxbridge1$str$ptr + 1675372
10  chromedriver                        0x0000000100d328ec cxxbridge1$str$ptr + 1549556
11  chromedriver                        0x0000000100d51c14 cxxbridge1$str$ptr + 1677340
12  chromedriver                        0x0000000100d245fc cxxbridge1$str$ptr + 1491460
13  chromedriver                        0x0000000100d6ea5c cxxbridge1$str$ptr + 1795684
14  chromedriver                        0x0000000100d6ebd8 cxxbridge1$str$ptr + 1796064
15  chromedriver                        0x0000000100d7d334 cxxbridge1$str$ptr + 1855292
16  libsystem_pthread.dylib             0x0000000186332f94 _pthread_start + 136
17  libsystem_pthread.dylib             0x000000018632dd34 thread_start + 8
</msg>
<arg>DEMOQA</arg>
<doc>Verifies that the current page title equals ``title``.</doc>
<status status="FAIL" start="2024-08-14T17:24:36.383817" elapsed="0.922467">NoSuchWindowException: Message: no such window: target window already closed
from unknown error: web view not found
  (Session info: chrome=127.0.6533.101)
Stacktrace:
0   chromedriver                        0x0000000100d85024 cxxbridge1$str$ptr + 1887276
1   chromedriver                        0x0000000100d7d700 cxxbridge1$str$ptr + 1856264
2   chromedriver                        0x000000010098c82c cxxbridge1$string$len + 88524
3   chromedriver                        0x0000000100967e50 core::str::slice_error_fail::he7b2aa4898bc357e + 3908
4   chromedriver                        0x00000001009f5574 cxxbridge1$string$len + 517908
5   chromedriver                        0x0000000100a07dd8 cxxbridge1$string$len + 593784
6   chromedriver                        0x00000001009c5474 cxxbridge1$string$len + 321044
7   chromedriver                        0x00000001009c60e4 cxxbridge1$string$len + 324228
8   chromedriver                        0x0000000100d4ca08 cxxbridge1$str$ptr + 1656336
9   chromedriver                        0x0000000100d51464 cxxbridge1$str$ptr + 1675372
10  chromedriver                        0x0000000100d328ec cxxbridge1$str$ptr + 1549556
11  chromedriver                        0x0000000100d51c14 cxxbridge1$str$ptr + 1677340
12  chromedriver                        0x0000000100d245fc cxxbridge1$str$ptr + 1491460
13  chromedriver                        0x0000000100d6ea5c cxxbridge1$str$ptr + 1795684
14  chromedriver                        0x0000000100d6ebd8 cxxbridge1$str$ptr + 1796064
15  chromedriver                        0x0000000100d7d334 cxxbridge1$str$ptr + 1855292
16  libsystem_pthread.dylib             0x0000000186332f94 _pthread_start + 136
17  libsystem_pthread.dylib             0x000000018632dd34 thread_start + 8
</status>
</kw>
<kw name="Set Selenium Implicit Wait" owner="SeleniumLibrary">
<arg>10</arg>
<doc>Sets the implicit wait value used by Selenium.</doc>
<status status="NOT RUN" start="2024-08-14T17:24:37.322976" elapsed="0.000242"/>
</kw>
<kw name="F_texto" owner="Funciones">
<arg>//input[@id='userName']</arg>
<arg>Mauricio</arg>
<status status="NOT RUN" start="2024-08-14T17:24:37.331366" elapsed="0.000077"/>
</kw>
<var name="${i}">3</var>
<status status="FAIL" start="2024-08-14T17:23:34.044991" elapsed="63.286553">NoSuchWindowException: Message: no such window: target window already closed
from unknown error: web view not found
  (Session info: chrome=127.0.6533.101)
Stacktrace:
0   chromedriver                        0x0000000100d85024 cxxbridge1$str$ptr + 1887276
1   chromedriver                        0x0000000100d7d700 cxxbridge1$str$ptr + 1856264
2   chromedriver                        0x000000010098c82c cxxbridge1$string$len + 88524
3   chromedriver                        0x0000000100967e50 core::str::slice_error_fail::he7b2aa4898bc357e + 3908
4   chromedriver                        0x00000001009f5574 cxxbridge1$string$len + 517908
5   chromedriver                        0x0000000100a07dd8 cxxbridge1$string$len + 593784
6   chromedriver                        0x00000001009c5474 cxxbridge1$string$len + 321044
7   chromedriver                        0x00000001009c60e4 cxxbridge1$string$len + 324228
8   chromedriver                        0x0000000100d4ca08 cxxbridge1$str$ptr + 1656336
9   chromedriver                        0x0000000100d51464 cxxbridge1$str$ptr + 1675372
10  chromedriver                        0x0000000100d328ec cxxbridge1$str$ptr + 1549556
11  chromedriver                        0x0000000100d51c14 cxxbridge1$str$ptr + 1677340
12  chromedriver                        0x0000000100d245fc cxxbridge1$str$ptr + 1491460
13  chromedriver                        0x0000000100d6ea5c cxxbridge1$str$ptr + 1795684
14  chromedriver                        0x0000000100d6ebd8 cxxbridge1$str$ptr + 1796064
15  chromedriver                        0x0000000100d7d334 cxxbridge1$str$ptr + 1855292
16  libsystem_pthread.dylib             0x0000000186332f94 _pthread_start + 136
17  libsystem_pthread.dylib             0x000000018632dd34 thread_start + 8
</status>
</iter>
<var>${i}</var>
<value>1</value>
<value>4</value>
<status status="FAIL" start="2024-08-14T17:22:22.001390" elapsed="135.330888">NoSuchWindowException: Message: no such window: target window already closed
from unknown error: web view not found
  (Session info: chrome=127.0.6533.101)
Stacktrace:
0   chromedriver                        0x0000000100d85024 cxxbridge1$str$ptr + 1887276
1   chromedriver                        0x0000000100d7d700 cxxbridge1$str$ptr + 1856264
2   chromedriver                        0x000000010098c82c cxxbridge1$string$len + 88524
3   chromedriver                        0x0000000100967e50 core::str::slice_error_fail::he7b2aa4898bc357e + 3908
4   chromedriver                        0x00000001009f5574 cxxbridge1$string$len + 517908
5   chromedriver                        0x0000000100a07dd8 cxxbridge1$string$len + 593784
6   chromedriver                        0x00000001009c5474 cxxbridge1$string$len + 321044
7   chromedriver                        0x00000001009c60e4 cxxbridge1$string$len + 324228
8   chromedriver                        0x0000000100d4ca08 cxxbridge1$str$ptr + 1656336
9   chromedriver                        0x0000000100d51464 cxxbridge1$str$ptr + 1675372
10  chromedriver                        0x0000000100d328ec cxxbridge1$str$ptr + 1549556
11  chromedriver                        0x0000000100d51c14 cxxbridge1$str$ptr + 1677340
12  chromedriver                        0x0000000100d245fc cxxbridge1$str$ptr + 1491460
13  chromedriver                        0x0000000100d6ea5c cxxbridge1$str$ptr + 1795684
14  chromedriver                        0x0000000100d6ebd8 cxxbridge1$str$ptr + 1796064
15  chromedriver                        0x0000000100d7d334 cxxbridge1$str$ptr + 1855292
16  libsystem_pthread.dylib             0x0000000186332f94 _pthread_start + 136
17  libsystem_pthread.dylib             0x000000018632dd34 thread_start + 8
</status>
</for>
<tag>test_uno</tag>
<doc>Prueba Paralelo</doc>
<status status="FAIL" start="2024-08-14T17:22:22.001273" elapsed="135.356229">NoSuchWindowException: Message: no such window: target window already closed
from unknown error: web view not found
  (Session info: chrome=127.0.6533.101)
Stacktrace:
0   chromedriver                        0x0000000100d85024 cxxbridge1$str$ptr + 1887276
1   chromedriver                        0x0000000100d7d700 cxxbridge1$str$ptr + 1856264
2   chromedriver                        0x000000010098c82c cxxbridge1$string$len + 88524
3   chromedriver                        0x0000000100967e50 core::str::slice_error_fail::he7b2aa4898bc357e + 3908
4   chromedriver                        0x00000001009f5574 cxxbridge1$string$len + 517908
5   chromedriver                        0x0000000100a07dd8 cxxbridge1$string$len + 593784
6   chromedriver                        0x00000001009c5474 cxxbridge1$string$len + 321044
7   chromedriver                        0x00000001009c60e4 cxxbridge1$string$len + 324228
8   chromedriver                        0x0000000100d4ca08 cxxbridge1$str$ptr + 1656336
9   chromedriver                        0x0000000100d51464 cxxbridge1$str$ptr + 1675372
10  chromedriver                        0x0000000100d328ec cxxbridge1$str$ptr + 1549556
11  chromedriver                        0x0000000100d51c14 cxxbridge1$str$ptr + 1677340
12  chromedriver                        0x0000000100d245fc cxxbridge1$str$ptr + 1491460
13  chromedriver                        0x0000000100d6ea5c cxxbridge1$str$ptr + 1795684
14  chromedriver                        0x0000000100d6ebd8 cxxbridge1$str$ptr + 1796064
15  chromedriver                        0x0000000100d7d334 cxxbridge1$str$ptr + 1855292
16  libsystem_pthread.dylib             0x0000000186332f94 _pthread_start + 136
17  libsystem_pthread.dylib             0x000000018632dd34 thread_start + 8
</status>
</kw>
<kw name="Final">
<status status="NOT RUN" start="2024-08-14T17:24:37.358639" elapsed="0.000518"/>
</kw>
<status status="FAIL" start="2024-08-14T17:22:22.001028" elapsed="135.358905">NoSuchWindowException: Message: no such window: target window already closed
from unknown error: web view not found
  (Session info: chrome=127.0.6533.101)
Stacktrace:
0   chromedriver                        0x0000000100d85024 cxxbridge1$str$ptr + 1887276
1   chromedriver                        0x0000000100d7d700 cxxbridge1$str$ptr + 1856264
2   chromedriver                        0x000000010098c82c cxxbridge1$string$len + 88524
3   chromedriver                        0x0000000100967e50 core::str::slice_error_fail::he7b2aa4898bc357e + 3908
4   chromedriver                        0x00000001009f5574 cxxbridge1$string$len + 517908
5   chromedriver                        0x0000000100a07dd8 cxxbridge1$string$len + 593784
6   chromedriver                        0x00000001009c5474 cxxbridge1$string$len + 321044
7   chromedriver                        0x00000001009c60e4 cxxbridge1$string$len + 324228
8   chromedriver                        0x0000000100d4ca08 cxxbridge1$str$ptr + 1656336
9   chromedriver                        0x0000000100d51464 cxxbridge1$str$ptr + 1675372
10  chromedriver                        0x0000000100d328ec cxxbridge1$str$ptr + 1549556
11  chromedriver                        0x0000000100d51c14 cxxbridge1$str$ptr + 1677340
12  chromedriver                        0x0000000100d245fc cxxbridge1$str$ptr + 1491460
13  chromedriver                        0x0000000100d6ea5c cxxbridge1$str$ptr + 1795684
14  chromedriver                        0x0000000100d6ebd8 cxxbridge1$str$ptr + 1796064
15  chromedriver                        0x0000000100d7d334 cxxbridge1$str$ptr + 1855292
16  libsystem_pthread.dylib             0x0000000186332f94 _pthread_start + 136
17  libsystem_pthread.dylib             0x000000018632dd34 thread_start + 8
</status>
</test>
<doc>Prueba uno</doc>
<status status="FAIL" start="2024-08-14T17:22:21.927423" elapsed="135.525256"/>
</suite>
<suite id="s1-s3" name="Prueba3" source="/Users/mauricio/Documents/Pycharm/pythonProject/Curso_Selenium/Test_Cases4/Prueba3.robot">
<test id="s1-s3-t1" name="Demo uno" line="12">
<kw name="Inicio">
<for flavor="IN RANGE">
<iter>
<kw name="Open Browser" owner="SeleniumLibrary">
<msg time="2024-08-14T17:22:22.001825" level="INFO">Opening browser 'chrome' to base url 'https://demoqa.com/text-box'.</msg>
<arg>${url}</arg>
<arg>${navegador}</arg>
<doc>Opens a new browser instance to the optional ``url``.</doc>
<status status="PASS" start="2024-08-14T17:22:22.001705" elapsed="11.078136"/>
</kw>
<kw name="Maximize Browser Window" owner="SeleniumLibrary">
<doc>Maximizes current browser window.</doc>
<status status="PASS" start="2024-08-14T17:22:33.097922" elapsed="0.756806"/>
</kw>
<kw name="Title Should Be" owner="SeleniumLibrary">
<msg time="2024-08-14T17:22:33.992430" level="INFO">Page title is 'DEMOQA'.</msg>
<arg>DEMOQA</arg>
<doc>Verifies that the current page title equals ``title``.</doc>
<status status="PASS" start="2024-08-14T17:22:33.860187" elapsed="0.133018"/>
</kw>
<kw name="Set Selenium Implicit Wait" owner="SeleniumLibrary">
<arg>10</arg>
<doc>Sets the implicit wait value used by Selenium.</doc>
<status status="PASS" start="2024-08-14T17:22:33.993757" elapsed="0.015172"/>
</kw>
<kw name="F_texto" owner="Funciones">
<kw name="Wait Until Element Is Visible" owner="SeleniumLibrary">
<arg>${sel}</arg>
<doc>Waits until the element ``locator`` is visible.</doc>
<status status="PASS" start="2024-08-14T17:22:34.022636" elapsed="0.702480"/>
</kw>
<kw name="Wait Until Element Is Enabled" owner="SeleniumLibrary">
<arg>${sel}</arg>
<doc>Waits until the element ``locator`` is enabled.</doc>
<status status="PASS" start="2024-08-14T17:22:34.810201" elapsed="0.147882"/>
</kw>
<kw name="Element Should Be Visible" owner="SeleniumLibrary">
<msg time="2024-08-14T17:22:35.015267" level="INFO">Element '//input[@id='userName']' is displayed.</msg>
<arg>${sel}</arg>
<doc>Verifies that the element identified by ``locator`` is visible.</doc>
<status status="PASS" start="2024-08-14T17:22:34.958297" elapsed="0.057057"/>
</kw>
<kw name="Clear Element Text" owner="SeleniumLibrary">
<arg>${sel}</arg>
<doc>Clears the value of the text-input-element identified by ``locator``.</doc>
<status status="PASS" start="2024-08-14T17:22:35.015580" elapsed="0.064881"/>
</kw>
<kw name="Input Text" owner="SeleniumLibrary">
<msg time="2024-08-14T17:22:35.081602" level="INFO">Typing text 'Mauricio' into text field '//input[@id='userName']'.</msg>
<arg>${sel}</arg>
<arg>${dato}</arg>
<doc>Types the given ``text`` into the text field identified by ``locator``.</doc>
<status status="PASS" start="2024-08-14T17:22:35.080959" elapsed="0.935753"/>
</kw>
<kw name="Capture Element Screenshot" owner="SeleniumLibrary">
<msg time="2024-08-14T17:22:36.995160" level="INFO" html="true">&lt;/td&gt;&lt;/tr&gt;&lt;tr&gt;&lt;td colspan="3"&gt;&lt;a href="../../Test_Cases3/Reportes_Practica_excel_python/IMG/Mauricio.png"&gt;&lt;img src="../../Test_Cases3/Reportes_Practica_excel_python/IMG/Mauricio.png" width="400px"&gt;&lt;/a&gt;</msg>
<arg>${sel}</arg>
<arg>${ruta_fotos_pagina}${dato}.png</arg>
<doc>Captures a screenshot from the element identified by ``locator`` and embeds it into log file.</doc>
<status status="PASS" start="2024-08-14T17:22:36.020314" elapsed="1.012967"/>
</kw>
<arg>//input[@id='userName']</arg>
<arg>Mauricio</arg>
<status status="PASS" start="2024-08-14T17:22:34.018593" elapsed="3.045511"/>
</kw>
<var name="${i}">1</var>
<status status="PASS" start="2024-08-14T17:22:22.001474" elapsed="15.069655"/>
</iter>
<iter>
<kw name="Open Browser" owner="SeleniumLibrary">
<msg time="2024-08-14T17:22:37.083999" level="INFO">Opening browser 'chrome' to base url 'https://demoqa.com/text-box'.</msg>
<arg>${url}</arg>
<arg>${navegador}</arg>
<doc>Opens a new browser instance to the optional ``url``.</doc>
<status status="PASS" start="2024-08-14T17:22:37.076210" elapsed="16.306889"/>
</kw>
<kw name="Maximize Browser Window" owner="SeleniumLibrary">
<doc>Maximizes current browser window.</doc>
<status status="PASS" start="2024-08-14T17:22:53.392964" elapsed="26.179248"/>
</kw>
<kw name="Title Should Be" owner="SeleniumLibrary">
<msg time="2024-08-14T17:23:19.993302" level="INFO">Page title is 'DEMOQA'.</msg>
<arg>DEMOQA</arg>
<doc>Verifies that the current page title equals ``title``.</doc>
<status status="PASS" start="2024-08-14T17:23:19.650199" elapsed="0.377140"/>
</kw>
<kw name="Set Selenium Implicit Wait" owner="SeleniumLibrary">
<arg>10</arg>
<doc>Sets the implicit wait value used by Selenium.</doc>
<status status="PASS" start="2024-08-14T17:23:20.042987" elapsed="0.065236"/>
</kw>
<kw name="F_texto" owner="Funciones">
<kw name="Wait Until Element Is Visible" owner="SeleniumLibrary">
<arg>${sel}</arg>
<doc>Waits until the element ``locator`` is visible.</doc>
<status status="PASS" start="2024-08-14T17:23:20.124780" elapsed="0.133238"/>
</kw>
<kw name="Wait Until Element Is Enabled" owner="SeleniumLibrary">
<arg>${sel}</arg>
<doc>Waits until the element ``locator`` is enabled.</doc>
<status status="PASS" start="2024-08-14T17:23:20.262901" elapsed="15.630829"/>
</kw>
<kw name="Element Should Be Visible" owner="SeleniumLibrary">
<msg time="2024-08-14T17:23:36.265962" level="INFO">Element '//input[@id='userName']' is displayed.</msg>
<arg>${sel}</arg>
<doc>Verifies that the element identified by ``locator`` is visible.</doc>
<status status="PASS" start="2024-08-14T17:23:35.935320" elapsed="0.332719"/>
</kw>
<kw name="Clear Element Text" owner="SeleniumLibrary">
<arg>${sel}</arg>
<doc>Clears the value of the text-input-element identified by ``locator``.</doc>
<status status="PASS" start="2024-08-14T17:23:36.273180" elapsed="0.107235"/>
</kw>
<kw name="Input Text" owner="SeleniumLibrary">
<msg time="2024-08-14T17:23:36.381084" level="INFO">Typing text 'Mauricio' into text field '//input[@id='userName']'.</msg>
<arg>${sel}</arg>
<arg>${dato}</arg>
<doc>Types the given ``text`` into the text field identified by ``locator``.</doc>
<status status="PASS" start="2024-08-14T17:23:36.380744" elapsed="0.727922"/>
</kw>
<kw name="Capture Element Screenshot" owner="SeleniumLibrary">
<msg time="2024-08-14T17:23:43.077715" level="INFO" html="true">&lt;/td&gt;&lt;/tr&gt;&lt;tr&gt;&lt;td colspan="3"&gt;&lt;a href="../../Test_Cases3/Reportes_Practica_excel_python/IMG/Mauricio.png"&gt;&lt;img src="../../Test_Cases3/Reportes_Practica_excel_python/IMG/Mauricio.png" width="400px"&gt;&lt;/a&gt;</msg>
<arg>${sel}</arg>
<arg>${ruta_fotos_pagina}${dato}.png</arg>
<doc>Captures a screenshot from the element identified by ``locator`` and embeds it into log file.</doc>
<status status="PASS" start="2024-08-14T17:23:37.109812" elapsed="5.986784"/>
</kw>
<arg>//input[@id='userName']</arg>
<arg>Mauricio</arg>
<status status="PASS" start="2024-08-14T17:23:20.113946" elapsed="23.007310"/>
</kw>
<var name="${i}">2</var>
<status status="PASS" start="2024-08-14T17:22:37.074743" elapsed="66.059080"/>
</iter>
<iter>
<kw name="Open Browser" owner="SeleniumLibrary">
<msg time="2024-08-14T17:23:43.163447" level="INFO">Opening browser 'chrome' to base url 'https://demoqa.com/text-box'.</msg>
<arg>${url}</arg>
<arg>${navegador}</arg>
<doc>Opens a new browser instance to the optional ``url``.</doc>
<status status="PASS" start="2024-08-14T17:23:43.146770" elapsed="46.466022"/>
</kw>
<kw name="Maximize Browser Window" owner="SeleniumLibrary">
<msg time="2024-08-14T17:24:29.856049" level="WARN">Keyword 'Capture Page Screenshot' could not be run on failure: Message: no such window: target window already closed
from unknown error: web view not found
  (Session info: chrome=127.0.6533.101)
Stacktrace:
0   chromedriver                        0x0000000102f45024 cxxbridge1$str$ptr + 1887276
1   chromedriver                        0x0000000102f3d700 cxxbridge1$str$ptr + 1856264
2   chromedriver                        0x0000000102b4c82c cxxbridge1$string$len + 88524
3   chromedriver                        0x0000000102b27e50 core::str::slice_error_fail::he7b2aa4898bc357e + 3908
4   chromedriver                        0x0000000102bb5574 cxxbridge1$string$len + 517908
5   chromedriver                        0x0000000102bc7dd8 cxxbridge1$string$len + 593784
6   chromedriver                        0x0000000102b85474 cxxbridge1$string$len + 321044
7   chromedriver                        0x0000000102b860e4 cxxbridge1$string$len + 324228
8   chromedriver                        0x0000000102f0ca08 cxxbridge1$str$ptr + 1656336
9   chromedriver                        0x0000000102f11464 cxxbridge1$str$ptr + 1675372
10  chromedriver                        0x0000000102ef28ec cxxbridge1$str$ptr + 1549556
11  chromedriver                        0x0000000102f11c14 cxxbridge1$str$ptr + 1677340
12  chromedriver                        0x0000000102ee45fc cxxbridge1$str$ptr + 1491460
13  chromedriver                        0x0000000102f2ea5c cxxbridge1$str$ptr + 1795684
14  chromedriver                        0x0000000102f2ebd8 cxxbridge1$str$ptr + 1796064
15  chromedriver                        0x0000000102f3d334 cxxbridge1$str$ptr + 1855292
16  libsystem_pthread.dylib             0x0000000186332f94 _pthread_start + 136
17  libsystem_pthread.dylib             0x000000018632dd34 thread_start + 8
</msg>
<msg time="2024-08-14T17:24:34.010433" level="FAIL">NoSuchWindowException: Message: no such window: target window already closed
from unknown error: web view not found
  (Session info: chrome=127.0.6533.101)
Stacktrace:
0   chromedriver                        0x0000000102f45024 cxxbridge1$str$ptr + 1887276
1   chromedriver                        0x0000000102f3d700 cxxbridge1$str$ptr + 1856264
2   chromedriver                        0x0000000102b4c82c cxxbridge1$string$len + 88524
3   chromedriver                        0x0000000102b27e50 core::str::slice_error_fail::he7b2aa4898bc357e + 3908
4   chromedriver                        0x0000000102bb5574 cxxbridge1$string$len + 517908
5   chromedriver                        0x0000000102bc7dd8 cxxbridge1$string$len + 593784
6   chromedriver                        0x0000000102b85474 cxxbridge1$string$len + 321044
7   chromedriver                        0x0000000102b860e4 cxxbridge1$string$len + 324228
8   chromedriver                        0x0000000102f0ca08 cxxbridge1$str$ptr + 1656336
9   chromedriver                        0x0000000102f11464 cxxbridge1$str$ptr + 1675372
10  chromedriver                        0x0000000102ef28ec cxxbridge1$str$ptr + 1549556
11  chromedriver                        0x0000000102f11c14 cxxbridge1$str$ptr + 1677340
12  chromedriver                        0x0000000102ee45fc cxxbridge1$str$ptr + 1491460
13  chromedriver                        0x0000000102f2ea5c cxxbridge1$str$ptr + 1795684
14  chromedriver                        0x0000000102f2ebd8 cxxbridge1$str$ptr + 1796064
15  chromedriver                        0x0000000102f3d334 cxxbridge1$str$ptr + 1855292
16  libsystem_pthread.dylib             0x0000000186332f94 _pthread_start + 136
17  libsystem_pthread.dylib             0x000000018632dd34 thread_start + 8
</msg>
<doc>Maximizes current browser window.</doc>
<status status="FAIL" start="2024-08-14T17:24:29.675135" elapsed="4.654470">NoSuchWindowException: Message: no such window: target window already closed
from unknown error: web view not found
  (Session info: chrome=127.0.6533.101)
Stacktrace:
0   chromedriver                        0x0000000102f45024 cxxbridge1$str$ptr + 1887276
1   chromedriver                        0x0000000102f3d700 cxxbridge1$str$ptr + 1856264
2   chromedriver                        0x0000000102b4c82c cxxbridge1$string$len + 88524
3   chromedriver                        0x0000000102b27e50 core::str::slice_error_fail::he7b2aa4898bc357e + 3908
4   chromedriver                        0x0000000102bb5574 cxxbridge1$string$len + 517908
5   chromedriver                        0x0000000102bc7dd8 cxxbridge1$string$len + 593784
6   chromedriver                        0x0000000102b85474 cxxbridge1$string$len + 321044
7   chromedriver                        0x0000000102b860e4 cxxbridge1$string$len + 324228
8   chromedriver                        0x0000000102f0ca08 cxxbridge1$str$ptr + 1656336
9   chromedriver                        0x0000000102f11464 cxxbridge1$str$ptr + 1675372
10  chromedriver                        0x0000000102ef28ec cxxbridge1$str$ptr + 1549556
11  chromedriver                        0x0000000102f11c14 cxxbridge1$str$ptr + 1677340
12  chromedriver                        0x0000000102ee45fc cxxbridge1$str$ptr + 1491460
13  chromedriver                        0x0000000102f2ea5c cxxbridge1$str$ptr + 1795684
14  chromedriver                        0x0000000102f2ebd8 cxxbridge1$str$ptr + 1796064
15  chromedriver                        0x0000000102f3d334 cxxbridge1$str$ptr + 1855292
16  libsystem_pthread.dylib             0x0000000186332f94 _pthread_start + 136
17  libsystem_pthread.dylib             0x000000018632dd34 thread_start + 8
</status>
</kw>
<kw name="Title Should Be" owner="SeleniumLibrary">
<arg>DEMOQA</arg>
<doc>Verifies that the current page title equals ``title``.</doc>
<status status="NOT RUN" start="2024-08-14T17:24:34.368061" elapsed="0.003881"/>
</kw>
<kw name="Set Selenium Implicit Wait" owner="SeleniumLibrary">
<arg>10</arg>
<doc>Sets the implicit wait value used by Selenium.</doc>
<status status="NOT RUN" start="2024-08-14T17:24:34.374500" elapsed="0.000089"/>
</kw>
<kw name="F_texto" owner="Funciones">
<arg>//input[@id='userName']</arg>
<arg>Mauricio</arg>
<status status="NOT RUN" start="2024-08-14T17:24:34.409178" elapsed="0.000222"/>
</kw>
<var name="${i}">3</var>
<status status="FAIL" start="2024-08-14T17:23:43.142418" elapsed="51.267185">NoSuchWindowException: Message: no such window: target window already closed
from unknown error: web view not found
  (Session info: chrome=127.0.6533.101)
Stacktrace:
0   chromedriver                        0x0000000102f45024 cxxbridge1$str$ptr + 1887276
1   chromedriver                        0x0000000102f3d700 cxxbridge1$str$ptr + 1856264
2   chromedriver                        0x0000000102b4c82c cxxbridge1$string$len + 88524
3   chromedriver                        0x0000000102b27e50 core::str::slice_error_fail::he7b2aa4898bc357e + 3908
4   chromedriver                        0x0000000102bb5574 cxxbridge1$string$len + 517908
5   chromedriver                        0x0000000102bc7dd8 cxxbridge1$string$len + 593784
6   chromedriver                        0x0000000102b85474 cxxbridge1$string$len + 321044
7   chromedriver                        0x0000000102b860e4 cxxbridge1$string$len + 324228
8   chromedriver                        0x0000000102f0ca08 cxxbridge1$str$ptr + 1656336
9   chromedriver                        0x0000000102f11464 cxxbridge1$str$ptr + 1675372
10  chromedriver                        0x0000000102ef28ec cxxbridge1$str$ptr + 1549556
11  chromedriver                        0x0000000102f11c14 cxxbridge1$str$ptr + 1677340
12  chromedriver                        0x0000000102ee45fc cxxbridge1$str$ptr + 1491460
13  chromedriver                        0x0000000102f2ea5c cxxbridge1$str$ptr + 1795684
14  chromedriver                        0x0000000102f2ebd8 cxxbridge1$str$ptr + 1796064
15  chromedriver                        0x0000000102f3d334 cxxbridge1$str$ptr + 1855292
16  libsystem_pthread.dylib             0x0000000186332f94 _pthread_start + 136
17  libsystem_pthread.dylib             0x000000018632dd34 thread_start + 8
</status>
</iter>
<var>${i}</var>
<value>1</value>
<value>4</value>
<status status="FAIL" start="2024-08-14T17:22:22.001373" elapsed="132.415624">NoSuchWindowException: Message: no such window: target window already closed
from unknown error: web view not found
  (Session info: chrome=127.0.6533.101)
Stacktrace:
0   chromedriver                        0x0000000102f45024 cxxbridge1$str$ptr + 1887276
1   chromedriver                        0x0000000102f3d700 cxxbridge1$str$ptr + 1856264
2   chromedriver                        0x0000000102b4c82c cxxbridge1$string$len + 88524
3   chromedriver                        0x0000000102b27e50 core::str::slice_error_fail::he7b2aa4898bc357e + 3908
4   chromedriver                        0x0000000102bb5574 cxxbridge1$string$len + 517908
5   chromedriver                        0x0000000102bc7dd8 cxxbridge1$string$len + 593784
6   chromedriver                        0x0000000102b85474 cxxbridge1$string$len + 321044
7   chromedriver                        0x0000000102b860e4 cxxbridge1$string$len + 324228
8   chromedriver                        0x0000000102f0ca08 cxxbridge1$str$ptr + 1656336
9   chromedriver                        0x0000000102f11464 cxxbridge1$str$ptr + 1675372
10  chromedriver                        0x0000000102ef28ec cxxbridge1$str$ptr + 1549556
11  chromedriver                        0x0000000102f11c14 cxxbridge1$str$ptr + 1677340
12  chromedriver                        0x0000000102ee45fc cxxbridge1$str$ptr + 1491460
13  chromedriver                        0x0000000102f2ea5c cxxbridge1$str$ptr + 1795684
14  chromedriver                        0x0000000102f2ebd8 cxxbridge1$str$ptr + 1796064
15  chromedriver                        0x0000000102f3d334 cxxbridge1$str$ptr + 1855292
16  libsystem_pthread.dylib             0x0000000186332f94 _pthread_start + 136
17  libsystem_pthread.dylib             0x000000018632dd34 thread_start + 8
</status>
</for>
<tag>test_uno</tag>
<doc>Prueba Paralelo</doc>
<status status="FAIL" start="2024-08-14T17:22:22.001257" elapsed="133.121854">NoSuchWindowException: Message: no such window: target window already closed
from unknown error: web view not found
  (Session info: chrome=127.0.6533.101)
Stacktrace:
0   chromedriver                        0x0000000102f45024 cxxbridge1$str$ptr + 1887276
1   chromedriver                        0x0000000102f3d700 cxxbridge1$str$ptr + 1856264
2   chromedriver                        0x0000000102b4c82c cxxbridge1$string$len + 88524
3   chromedriver                        0x0000000102b27e50 core::str::slice_error_fail::he7b2aa4898bc357e + 3908
4   chromedriver                        0x0000000102bb5574 cxxbridge1$string$len + 517908
5   chromedriver                        0x0000000102bc7dd8 cxxbridge1$string$len + 593784
6   chromedriver                        0x0000000102b85474 cxxbridge1$string$len + 321044
7   chromedriver                        0x0000000102b860e4 cxxbridge1$string$len + 324228
8   chromedriver                        0x0000000102f0ca08 cxxbridge1$str$ptr + 1656336
9   chromedriver                        0x0000000102f11464 cxxbridge1$str$ptr + 1675372
10  chromedriver                        0x0000000102ef28ec cxxbridge1$str$ptr + 1549556
11  chromedriver                        0x0000000102f11c14 cxxbridge1$str$ptr + 1677340
12  chromedriver                        0x0000000102ee45fc cxxbridge1$str$ptr + 1491460
13  chromedriver                        0x0000000102f2ea5c cxxbridge1$str$ptr + 1795684
14  chromedriver                        0x0000000102f2ebd8 cxxbridge1$str$ptr + 1796064
15  chromedriver                        0x0000000102f3d334 cxxbridge1$str$ptr + 1855292
16  libsystem_pthread.dylib             0x0000000186332f94 _pthread_start + 136
17  libsystem_pthread.dylib             0x000000018632dd34 thread_start + 8
</status>
</kw>
<kw name="Final">
<status status="NOT RUN" start="2024-08-14T17:24:35.133302" elapsed="0.001829"/>
</kw>
<status status="FAIL" start="2024-08-14T17:22:22.001010" elapsed="133.140484">NoSuchWindowException: Message: no such window: target window already closed
from unknown error: web view not found
  (Session info: chrome=127.0.6533.101)
Stacktrace:
0   chromedriver                        0x0000000102f45024 cxxbridge1$str$ptr + 1887276
1   chromedriver                        0x0000000102f3d700 cxxbridge1$str$ptr + 1856264
2   chromedriver                        0x0000000102b4c82c cxxbridge1$string$len + 88524
3   chromedriver                        0x0000000102b27e50 core::str::slice_error_fail::he7b2aa4898bc357e + 3908
4   chromedriver                        0x0000000102bb5574 cxxbridge1$string$len + 517908
5   chromedriver                        0x0000000102bc7dd8 cxxbridge1$string$len + 593784
6   chromedriver                        0x0000000102b85474 cxxbridge1$string$len + 321044
7   chromedriver                        0x0000000102b860e4 cxxbridge1$string$len + 324228
8   chromedriver                        0x0000000102f0ca08 cxxbridge1$str$ptr + 1656336
9   chromedriver                        0x0000000102f11464 cxxbridge1$str$ptr + 1675372
10  chromedriver                        0x0000000102ef28ec cxxbridge1$str$ptr + 1549556
11  chromedriver                        0x0000000102f11c14 cxxbridge1$str$ptr + 1677340
12  chromedriver                        0x0000000102ee45fc cxxbridge1$str$ptr + 1491460
13  chromedriver                        0x0000000102f2ea5c cxxbridge1$str$ptr + 1795684
14  chromedriver                        0x0000000102f2ebd8 cxxbridge1$str$ptr + 1796064
15  chromedriver                        0x0000000102f3d334 cxxbridge1$str$ptr + 1855292
16  libsystem_pthread.dylib             0x0000000186332f94 _pthread_start + 136
17  libsystem_pthread.dylib             0x000000018632dd34 thread_start + 8
</status>
</test>
<doc>Prueba uno</doc>
<status status="FAIL" start="2024-08-14T17:22:21.927417" elapsed="135.001725"/>
</suite>
<suite id="s1-s4" name="Prueba4" source="/Users/mauricio/Documents/Pycharm/pythonProject/Curso_Selenium/Test_Cases4/Prueba4.robot">
<test id="s1-s4-t1" name="Demo uno" line="12">
<kw name="Inicio">
<for flavor="IN RANGE">
<iter>
<kw name="Open Browser" owner="SeleniumLibrary">
<msg time="2024-08-14T17:22:22.001686" level="INFO">Opening browser 'chrome' to base url 'https://demoqa.com/text-box'.</msg>
<arg>${url}</arg>
<arg>${navegador}</arg>
<doc>Opens a new browser instance to the optional ``url``.</doc>
<status status="PASS" start="2024-08-14T17:22:22.001570" elapsed="11.077298"/>
</kw>
<kw name="Maximize Browser Window" owner="SeleniumLibrary">
<doc>Maximizes current browser window.</doc>
<status status="PASS" start="2024-08-14T17:22:33.100544" elapsed="0.863992"/>
</kw>
<kw name="Title Should Be" owner="SeleniumLibrary">
<msg time="2024-08-14T17:22:33.997937" level="INFO">Page title is 'DEMOQA'.</msg>
<arg>DEMOQA</arg>
<doc>Verifies that the current page title equals ``title``.</doc>
<status status="PASS" start="2024-08-14T17:22:33.967940" elapsed="0.030232"/>
</kw>
<kw name="Set Selenium Implicit Wait" owner="SeleniumLibrary">
<arg>10</arg>
<doc>Sets the implicit wait value used by Selenium.</doc>
<status status="PASS" start="2024-08-14T17:22:33.998576" elapsed="0.018409"/>
</kw>
<kw name="F_texto" owner="Funciones">
<kw name="Wait Until Element Is Visible" owner="SeleniumLibrary">
<arg>${sel}</arg>
<doc>Waits until the element ``locator`` is visible.</doc>
<status status="PASS" start="2024-08-14T17:22:34.021742" elapsed="0.652457"/>
</kw>
<kw name="Wait Until Element Is Enabled" owner="SeleniumLibrary">
<arg>${sel}</arg>
<doc>Waits until the element ``locator`` is enabled.</doc>
<status status="PASS" start="2024-08-14T17:22:34.756440" elapsed="0.201636"/>
</kw>
<kw name="Element Should Be Visible" owner="SeleniumLibrary">
<msg time="2024-08-14T17:22:35.015285" level="INFO">Element '//input[@id='userName']' is displayed.</msg>
<arg>${sel}</arg>
<doc>Verifies that the element identified by ``locator`` is visible.</doc>
<status status="PASS" start="2024-08-14T17:22:34.958378" elapsed="0.057230"/>
</kw>
<kw name="Clear Element Text" owner="SeleniumLibrary">
<arg>${sel}</arg>
<doc>Clears the value of the text-input-element identified by ``locator``.</doc>
<status status="PASS" start="2024-08-14T17:22:35.016186" elapsed="0.056950"/>
</kw>
<kw name="Input Text" owner="SeleniumLibrary">
<msg time="2024-08-14T17:22:35.073780" level="INFO">Typing text 'Mauricio' into text field '//input[@id='userName']'.</msg>
<arg>${sel}</arg>
<arg>${dato}</arg>
<doc>Types the given ``text`` into the text field identified by ``locator``.</doc>
<status status="PASS" start="2024-08-14T17:22:35.073416" elapsed="0.990296"/>
</kw>
<kw name="Capture Element Screenshot" owner="SeleniumLibrary">
<msg time="2024-08-14T17:22:36.889994" level="INFO" html="true">&lt;/td&gt;&lt;/tr&gt;&lt;tr&gt;&lt;td colspan="3"&gt;&lt;a href="../../Test_Cases3/Reportes_Practica_excel_python/IMG/Mauricio.png"&gt;&lt;img src="../../Test_Cases3/Reportes_Practica_excel_python/IMG/Mauricio.png" width="400px"&gt;&lt;/a&gt;</msg>
<arg>${sel}</arg>
<arg>${ruta_fotos_pagina}${dato}.png</arg>
<doc>Captures a screenshot from the element identified by ``locator`` and embeds it into log file.</doc>
<status status="PASS" start="2024-08-14T17:22:36.067536" elapsed="0.824087"/>
</kw>
<arg>//input[@id='userName']</arg>
<arg>Mauricio</arg>
<status status="PASS" start="2024-08-14T17:22:34.018502" elapsed="2.928893"/>
</kw>
<var name="${i}">1</var>
<status status="PASS" start="2024-08-14T17:22:22.001332" elapsed="14.949847"/>
</iter>
<iter>
<kw name="Open Browser" owner="SeleniumLibrary">
<msg time="2024-08-14T17:22:36.977064" level="INFO">Opening browser 'chrome' to base url 'https://demoqa.com/text-box'.</msg>
<arg>${url}</arg>
<arg>${navegador}</arg>
<doc>Opens a new browser instance to the optional ``url``.</doc>
<status status="PASS" start="2024-08-14T17:22:36.969127" elapsed="13.077040"/>
</kw>
<kw name="Maximize Browser Window" owner="SeleniumLibrary">
<doc>Maximizes current browser window.</doc>
<status status="PASS" start="2024-08-14T17:22:50.091301" elapsed="15.576677"/>
</kw>
<kw name="Title Should Be" owner="SeleniumLibrary">
<msg time="2024-08-14T17:23:06.081908" level="INFO">Page title is 'DEMOQA'.</msg>
<arg>DEMOQA</arg>
<doc>Verifies that the current page title equals ``title``.</doc>
<status status="PASS" start="2024-08-14T17:23:05.769086" elapsed="0.342495"/>
</kw>
<kw name="Set Selenium Implicit Wait" owner="SeleniumLibrary">
<arg>10</arg>
<doc>Sets the implicit wait value used by Selenium.</doc>
<status status="PASS" start="2024-08-14T17:23:06.130698" elapsed="0.232578"/>
</kw>
<kw name="F_texto" owner="Funciones">
<kw name="Wait Until Element Is Visible" owner="SeleniumLibrary">
<arg>${sel}</arg>
<doc>Waits until the element ``locator`` is visible.</doc>
<status status="PASS" start="2024-08-14T17:23:06.883701" elapsed="0.609229"/>
</kw>
<kw name="Wait Until Element Is Enabled" owner="SeleniumLibrary">
<arg>${sel}</arg>
<doc>Waits until the element ``locator`` is enabled.</doc>
<status status="PASS" start="2024-08-14T17:23:07.496361" elapsed="0.052796"/>
</kw>
<kw name="Element Should Be Visible" owner="SeleniumLibrary">
<msg time="2024-08-14T17:23:07.566050" level="INFO">Element '//input[@id='userName']' is displayed.</msg>
<arg>${sel}</arg>
<doc>Verifies that the element identified by ``locator`` is visible.</doc>
<status status="PASS" start="2024-08-14T17:23:07.551410" elapsed="0.014728"/>
</kw>
<kw name="Clear Element Text" owner="SeleniumLibrary">
<arg>${sel}</arg>
<doc>Clears the value of the text-input-element identified by ``locator``.</doc>
<status status="PASS" start="2024-08-14T17:23:07.566258" elapsed="0.247760"/>
</kw>
<kw name="Input Text" owner="SeleniumLibrary">
<msg time="2024-08-14T17:23:07.884628" level="INFO">Typing text 'Mauricio' into text field '//input[@id='userName']'.</msg>
<arg>${sel}</arg>
<arg>${dato}</arg>
<doc>Types the given ``text`` into the text field identified by ``locator``.</doc>
<status status="PASS" start="2024-08-14T17:23:07.848658" elapsed="9.525128"/>
</kw>
<kw name="Capture Element Screenshot" owner="SeleniumLibrary">
<msg time="2024-08-14T17:23:27.296522" level="INFO" html="true">&lt;/td&gt;&lt;/tr&gt;&lt;tr&gt;&lt;td colspan="3"&gt;&lt;a href="../../Test_Cases3/Reportes_Practica_excel_python/IMG/Mauricio.png"&gt;&lt;img src="../../Test_Cases3/Reportes_Practica_excel_python/IMG/Mauricio.png" width="400px"&gt;&lt;/a&gt;</msg>
<arg>${sel}</arg>
<arg>${ruta_fotos_pagina}${dato}.png</arg>
<doc>Captures a screenshot from the element identified by ``locator`` and embeds it into log file.</doc>
<status status="PASS" start="2024-08-14T17:23:17.405835" elapsed="9.990850"/>
</kw>
<arg>//input[@id='userName']</arg>
<arg>Mauricio</arg>
<status status="PASS" start="2024-08-14T17:23:06.817125" elapsed="20.604945"/>
</kw>
<var name="${i}">2</var>
<status status="PASS" start="2024-08-14T17:22:36.964720" elapsed="50.460766"/>
</iter>
<iter>
<kw name="Open Browser" owner="SeleniumLibrary">
<msg time="2024-08-14T17:23:27.470688" level="INFO">Opening browser 'chrome' to base url 'https://demoqa.com/text-box'.</msg>
<arg>${url}</arg>
<arg>${navegador}</arg>
<doc>Opens a new browser instance to the optional ``url``.</doc>
<status status="PASS" start="2024-08-14T17:23:27.447558" elapsed="70.033835"/>
</kw>
<kw name="Maximize Browser Window" owner="SeleniumLibrary">
<msg time="2024-08-14T17:24:38.257678" level="WARN">Keyword 'Capture Page Screenshot' could not be run on failure: Message: no such window: target window already closed
from unknown error: web view not found
  (Session info: chrome=127.0.6533.101)
Stacktrace:
0   chromedriver                        0x0000000105099024 cxxbridge1$str$ptr + 1887276
1   chromedriver                        0x0000000105091700 cxxbridge1$str$ptr + 1856264
2   chromedriver                        0x0000000104ca082c cxxbridge1$string$len + 88524
3   chromedriver                        0x0000000104c7be50 core::str::slice_error_fail::he7b2aa4898bc357e + 3908
4   chromedriver                        0x0000000104d09574 cxxbridge1$string$len + 517908
5   chromedriver                        0x0000000104d1bdd8 cxxbridge1$string$len + 593784
6   chromedriver                        0x0000000104cd9474 cxxbridge1$string$len + 321044
7   chromedriver                        0x0000000104cda0e4 cxxbridge1$string$len + 324228
8   chromedriver                        0x0000000105060a08 cxxbridge1$str$ptr + 1656336
9   chromedriver                        0x0000000105065464 cxxbridge1$str$ptr + 1675372
10  chromedriver                        0x00000001050468ec cxxbridge1$str$ptr + 1549556
11  chromedriver                        0x0000000105065c14 cxxbridge1$str$ptr + 1677340
12  chromedriver                        0x00000001050385fc cxxbridge1$str$ptr + 1491460
13  chromedriver                        0x0000000105082a5c cxxbridge1$str$ptr + 1795684
14  chromedriver                        0x0000000105082bd8 cxxbridge1$str$ptr + 1796064
15  chromedriver                        0x0000000105091334 cxxbridge1$str$ptr + 1855292
16  libsystem_pthread.dylib             0x0000000186332f94 _pthread_start + 136
17  libsystem_pthread.dylib             0x000000018632dd34 thread_start + 8
</msg>
<msg time="2024-08-14T17:24:39.220905" level="FAIL">NoSuchWindowException: Message: no such window: target window already closed
from unknown error: web view not found
  (Session info: chrome=127.0.6533.101)
Stacktrace:
0   chromedriver                        0x0000000105099024 cxxbridge1$str$ptr + 1887276
1   chromedriver                        0x0000000105091700 cxxbridge1$str$ptr + 1856264
2   chromedriver                        0x0000000104ca082c cxxbridge1$string$len + 88524
3   chromedriver                        0x0000000104c7be50 core::str::slice_error_fail::he7b2aa4898bc357e + 3908
4   chromedriver                        0x0000000104d09574 cxxbridge1$string$len + 517908
5   chromedriver                        0x0000000104d1bdd8 cxxbridge1$string$len + 593784
6   chromedriver                        0x0000000104cd9474 cxxbridge1$string$len + 321044
7   chromedriver                        0x0000000104cda0e4 cxxbridge1$string$len + 324228
8   chromedriver                        0x0000000105060a08 cxxbridge1$str$ptr + 1656336
9   chromedriver                        0x0000000105065464 cxxbridge1$str$ptr + 1675372
10  chromedriver                        0x00000001050468ec cxxbridge1$str$ptr + 1549556
11  chromedriver                        0x0000000105065c14 cxxbridge1$str$ptr + 1677340
12  chromedriver                        0x00000001050385fc cxxbridge1$str$ptr + 1491460
13  chromedriver                        0x0000000105082a5c cxxbridge1$str$ptr + 1795684
14  chromedriver                        0x0000000105082bd8 cxxbridge1$str$ptr + 1796064
15  chromedriver                        0x0000000105091334 cxxbridge1$str$ptr + 1855292
16  libsystem_pthread.dylib             0x0000000186332f94 _pthread_start + 136
17  libsystem_pthread.dylib             0x000000018632dd34 thread_start + 8
</msg>
<doc>Maximizes current browser window.</doc>
<status status="FAIL" start="2024-08-14T17:24:37.789372" elapsed="1.852742">NoSuchWindowException: Message: no such window: target window already closed
from unknown error: web view not found
  (Session info: chrome=127.0.6533.101)
Stacktrace:
0   chromedriver                        0x0000000105099024 cxxbridge1$str$ptr + 1887276
1   chromedriver                        0x0000000105091700 cxxbridge1$str$ptr + 1856264
2   chromedriver                        0x0000000104ca082c cxxbridge1$string$len + 88524
3   chromedriver                        0x0000000104c7be50 core::str::slice_error_fail::he7b2aa4898bc357e + 3908
4   chromedriver                        0x0000000104d09574 cxxbridge1$string$len + 517908
5   chromedriver                        0x0000000104d1bdd8 cxxbridge1$string$len + 593784
6   chromedriver                        0x0000000104cd9474 cxxbridge1$string$len + 321044
7   chromedriver                        0x0000000104cda0e4 cxxbridge1$string$len + 324228
8   chromedriver                        0x0000000105060a08 cxxbridge1$str$ptr + 1656336
9   chromedriver                        0x0000000105065464 cxxbridge1$str$ptr + 1675372
10  chromedriver                        0x00000001050468ec cxxbridge1$str$ptr + 1549556
11  chromedriver                        0x0000000105065c14 cxxbridge1$str$ptr + 1677340
12  chromedriver                        0x00000001050385fc cxxbridge1$str$ptr + 1491460
13  chromedriver                        0x0000000105082a5c cxxbridge1$str$ptr + 1795684
14  chromedriver                        0x0000000105082bd8 cxxbridge1$str$ptr + 1796064
15  chromedriver                        0x0000000105091334 cxxbridge1$str$ptr + 1855292
16  libsystem_pthread.dylib             0x0000000186332f94 _pthread_start + 136
17  libsystem_pthread.dylib             0x000000018632dd34 thread_start + 8
</status>
</kw>
<kw name="Title Should Be" owner="SeleniumLibrary">
<arg>DEMOQA</arg>
<doc>Verifies that the current page title equals ``title``.</doc>
<status status="NOT RUN" start="2024-08-14T17:24:39.658386" elapsed="0.001407"/>
</kw>
<kw name="Set Selenium Implicit Wait" owner="SeleniumLibrary">
<arg>10</arg>
<doc>Sets the implicit wait value used by Selenium.</doc>
<status status="NOT RUN" start="2024-08-14T17:24:39.661726" elapsed="0.000666"/>
</kw>
<kw name="F_texto" owner="Funciones">
<arg>//input[@id='userName']</arg>
<arg>Mauricio</arg>
<status status="NOT RUN" start="2024-08-14T17:24:39.669416" elapsed="0.000282"/>
</kw>
<var name="${i}">3</var>
<status status="FAIL" start="2024-08-14T17:23:27.438335" elapsed="72.232106">NoSuchWindowException: Message: no such window: target window already closed
from unknown error: web view not found
  (Session info: chrome=127.0.6533.101)
Stacktrace:
0   chromedriver                        0x0000000105099024 cxxbridge1$str$ptr + 1887276
1   chromedriver                        0x0000000105091700 cxxbridge1$str$ptr + 1856264
2   chromedriver                        0x0000000104ca082c cxxbridge1$string$len + 88524
3   chromedriver                        0x0000000104c7be50 core::str::slice_error_fail::he7b2aa4898bc357e + 3908
4   chromedriver                        0x0000000104d09574 cxxbridge1$string$len + 517908
5   chromedriver                        0x0000000104d1bdd8 cxxbridge1$string$len + 593784
6   chromedriver                        0x0000000104cd9474 cxxbridge1$string$len + 321044
7   chromedriver                        0x0000000104cda0e4 cxxbridge1$string$len + 324228
8   chromedriver                        0x0000000105060a08 cxxbridge1$str$ptr + 1656336
9   chromedriver                        0x0000000105065464 cxxbridge1$str$ptr + 1675372
10  chromedriver                        0x00000001050468ec cxxbridge1$str$ptr + 1549556
11  chromedriver                        0x0000000105065c14 cxxbridge1$str$ptr + 1677340
12  chromedriver                        0x00000001050385fc cxxbridge1$str$ptr + 1491460
13  chromedriver                        0x0000000105082a5c cxxbridge1$str$ptr + 1795684
14  chromedriver                        0x0000000105082bd8 cxxbridge1$str$ptr + 1796064
15  chromedriver                        0x0000000105091334 cxxbridge1$str$ptr + 1855292
16  libsystem_pthread.dylib             0x0000000186332f94 _pthread_start + 136
17  libsystem_pthread.dylib             0x000000018632dd34 thread_start + 8
</status>
</iter>
<var>${i}</var>
<value>1</value>
<value>4</value>
<status status="FAIL" start="2024-08-14T17:22:22.001232" elapsed="137.670292">NoSuchWindowException: Message: no such window: target window already closed
from unknown error: web view not found
  (Session info: chrome=127.0.6533.101)
Stacktrace:
0   chromedriver                        0x0000000105099024 cxxbridge1$str$ptr + 1887276
1   chromedriver                        0x0000000105091700 cxxbridge1$str$ptr + 1856264
2   chromedriver                        0x0000000104ca082c cxxbridge1$string$len + 88524
3   chromedriver                        0x0000000104c7be50 core::str::slice_error_fail::he7b2aa4898bc357e + 3908
4   chromedriver                        0x0000000104d09574 cxxbridge1$string$len + 517908
5   chromedriver                        0x0000000104d1bdd8 cxxbridge1$string$len + 593784
6   chromedriver                        0x0000000104cd9474 cxxbridge1$string$len + 321044
7   chromedriver                        0x0000000104cda0e4 cxxbridge1$string$len + 324228
8   chromedriver                        0x0000000105060a08 cxxbridge1$str$ptr + 1656336
9   chromedriver                        0x0000000105065464 cxxbridge1$str$ptr + 1675372
10  chromedriver                        0x00000001050468ec cxxbridge1$str$ptr + 1549556
11  chromedriver                        0x0000000105065c14 cxxbridge1$str$ptr + 1677340
12  chromedriver                        0x00000001050385fc cxxbridge1$str$ptr + 1491460
13  chromedriver                        0x0000000105082a5c cxxbridge1$str$ptr + 1795684
14  chromedriver                        0x0000000105082bd8 cxxbridge1$str$ptr + 1796064
15  chromedriver                        0x0000000105091334 cxxbridge1$str$ptr + 1855292
16  libsystem_pthread.dylib             0x0000000186332f94 _pthread_start + 136
17  libsystem_pthread.dylib             0x000000018632dd34 thread_start + 8
</status>
</for>
<tag>test_uno</tag>
<doc>Prueba Paralelo</doc>
<status status="FAIL" start="2024-08-14T17:22:22.001118" elapsed="137.673252">NoSuchWindowException: Message: no such window: target window already closed
from unknown error: web view not found
  (Session info: chrome=127.0.6533.101)
Stacktrace:
0   chromedriver                        0x0000000105099024 cxxbridge1$str$ptr + 1887276
1   chromedriver                        0x0000000105091700 cxxbridge1$str$ptr + 1856264
2   chromedriver                        0x0000000104ca082c cxxbridge1$string$len + 88524
3   chromedriver                        0x0000000104c7be50 core::str::slice_error_fail::he7b2aa4898bc357e + 3908
4   chromedriver                        0x0000000104d09574 cxxbridge1$string$len + 517908
5   chromedriver                        0x0000000104d1bdd8 cxxbridge1$string$len + 593784
6   chromedriver                        0x0000000104cd9474 cxxbridge1$string$len + 321044
7   chromedriver                        0x0000000104cda0e4 cxxbridge1$string$len + 324228
8   chromedriver                        0x0000000105060a08 cxxbridge1$str$ptr + 1656336
9   chromedriver                        0x0000000105065464 cxxbridge1$str$ptr + 1675372
10  chromedriver                        0x00000001050468ec cxxbridge1$str$ptr + 1549556
11  chromedriver                        0x0000000105065c14 cxxbridge1$str$ptr + 1677340
12  chromedriver                        0x00000001050385fc cxxbridge1$str$ptr + 1491460
13  chromedriver                        0x0000000105082a5c cxxbridge1$str$ptr + 1795684
14  chromedriver                        0x0000000105082bd8 cxxbridge1$str$ptr + 1796064
15  chromedriver                        0x0000000105091334 cxxbridge1$str$ptr + 1855292
16  libsystem_pthread.dylib             0x0000000186332f94 _pthread_start + 136
17  libsystem_pthread.dylib             0x000000018632dd34 thread_start + 8
</status>
</kw>
<kw name="Final">
<status status="NOT RUN" start="2024-08-14T17:24:39.676409" elapsed="0.000075"/>
</kw>
<status status="FAIL" start="2024-08-14T17:22:22.000874" elapsed="137.678255">NoSuchWindowException: Message: no such window: target window already closed
from unknown error: web view not found
  (Session info: chrome=127.0.6533.101)
Stacktrace:
0   chromedriver                        0x0000000105099024 cxxbridge1$str$ptr + 1887276
1   chromedriver                        0x0000000105091700 cxxbridge1$str$ptr + 1856264
2   chromedriver                        0x0000000104ca082c cxxbridge1$string$len + 88524
3   chromedriver                        0x0000000104c7be50 core::str::slice_error_fail::he7b2aa4898bc357e + 3908
4   chromedriver                        0x0000000104d09574 cxxbridge1$string$len + 517908
5   chromedriver                        0x0000000104d1bdd8 cxxbridge1$string$len + 593784
6   chromedriver                        0x0000000104cd9474 cxxbridge1$string$len + 321044
7   chromedriver                        0x0000000104cda0e4 cxxbridge1$string$len + 324228
8   chromedriver                        0x0000000105060a08 cxxbridge1$str$ptr + 1656336
9   chromedriver                        0x0000000105065464 cxxbridge1$str$ptr + 1675372
10  chromedriver                        0x00000001050468ec cxxbridge1$str$ptr + 1549556
11  chromedriver                        0x0000000105065c14 cxxbridge1$str$ptr + 1677340
12  chromedriver                        0x00000001050385fc cxxbridge1$str$ptr + 1491460
13  chromedriver                        0x0000000105082a5c cxxbridge1$str$ptr + 1795684
14  chromedriver                        0x0000000105082bd8 cxxbridge1$str$ptr + 1796064
15  chromedriver                        0x0000000105091334 cxxbridge1$str$ptr + 1855292
16  libsystem_pthread.dylib             0x0000000186332f94 _pthread_start + 136
17  libsystem_pthread.dylib             0x000000018632dd34 thread_start + 8
</status>
</test>
<doc>Prueba uno</doc>
<status status="FAIL" start="2024-08-14T17:22:21.927413" elapsed="137.772027"/>
</suite>
<doc>[https://pabot.org/?ref=log|Pabot] result from 4 executions.</doc>
<status status="FAIL" start="2024-08-14T17:22:21.921000" elapsed="137.781791"/>
</suite>
<statistics>
<total>
<stat pass="0" fail="4" skip="0">All Tests</stat>
</total>
<tag>
</tag>
<suite>
<stat pass="0" fail="4" skip="0" id="s1" name="Suites">Suites</stat>
<stat pass="0" fail="1" skip="0" id="s1-s1" name="Prueba1">Suites.Prueba1</stat>
<stat pass="0" fail="1" skip="0" id="s1-s2" name="Prueba2">Suites.Prueba2</stat>
<stat pass="0" fail="1" skip="0" id="s1-s3" name="Prueba3">Suites.Prueba3</stat>
<stat pass="0" fail="1" skip="0" id="s1-s4" name="Prueba4">Suites.Prueba4</stat>
</suite>
</statistics>
<errors>
<msg time="2024-08-14T17:24:38.645213" level="WARN">Keyword 'Capture Page Screenshot' could not be run on failure: Message: no such window: target window already closed
from unknown error: web view not found
  (Session info: chrome=127.0.6533.101)
Stacktrace:
0   chromedriver                        0x0000000104b91024 cxxbridge1$str$ptr + 1887276
1   chromedriver                        0x0000000104b89700 cxxbridge1$str$ptr + 1856264
2   chromedriver                        0x000000010479882c cxxbridge1$string$len + 88524
3   chromedriver                        0x0000000104773e50 core::str::slice_error_fail::he7b2aa4898bc357e + 3908
4   chromedriver                        0x0000000104801574 cxxbridge1$string$len + 517908
5   chromedriver                        0x0000000104813dd8 cxxbridge1$string$len + 593784
6   chromedriver                        0x00000001047d1474 cxxbridge1$string$len + 321044
7   chromedriver                        0x00000001047d20e4 cxxbridge1$string$len + 324228
8   chromedriver                        0x0000000104b58a08 cxxbridge1$str$ptr + 1656336
9   chromedriver                        0x0000000104b5d464 cxxbridge1$str$ptr + 1675372
10  chromedriver                        0x0000000104b3e8ec cxxbridge1$str$ptr + 1549556
11  chromedriver                        0x0000000104b5dc14 cxxbridge1$str$ptr + 1677340
12  chromedriver                        0x0000000104b305fc cxxbridge1$str$ptr + 1491460
13  chromedriver                        0x0000000104b7aa5c cxxbridge1$str$ptr + 1795684
14  chromedriver                        0x0000000104b7abd8 cxxbridge1$str$ptr + 1796064
15  chromedriver                        0x0000000104b89334 cxxbridge1$str$ptr + 1855292
16  libsystem_pthread.dylib             0x0000000186332f94 _pthread_start + 136
17  libsystem_pthread.dylib             0x000000018632dd34 thread_start + 8
</msg>
<msg time="2024-08-14T17:24:36.623855" level="WARN">Keyword 'Capture Page Screenshot' could not be run on failure: Message: no such window: target window already closed
from unknown error: web view not found
  (Session info: chrome=127.0.6533.101)
Stacktrace:
0   chromedriver                        0x0000000100d85024 cxxbridge1$str$ptr + 1887276
1   chromedriver                        0x0000000100d7d700 cxxbridge1$str$ptr + 1856264
2   chromedriver                        0x000000010098c82c cxxbridge1$string$len + 88524
3   chromedriver                        0x0000000100967e50 core::str::slice_error_fail::he7b2aa4898bc357e + 3908
4   chromedriver                        0x00000001009f5574 cxxbridge1$string$len + 517908
5   chromedriver                        0x0000000100a07dd8 cxxbridge1$string$len + 593784
6   chromedriver                        0x00000001009c5474 cxxbridge1$string$len + 321044
7   chromedriver                        0x00000001009c60e4 cxxbridge1$string$len + 324228
8   chromedriver                        0x0000000100d4ca08 cxxbridge1$str$ptr + 1656336
9   chromedriver                        0x0000000100d51464 cxxbridge1$str$ptr + 1675372
10  chromedriver                        0x0000000100d328ec cxxbridge1$str$ptr + 1549556
11  chromedriver                        0x0000000100d51c14 cxxbridge1$str$ptr + 1677340
12  chromedriver                        0x0000000100d245fc cxxbridge1$str$ptr + 1491460
13  chromedriver                        0x0000000100d6ea5c cxxbridge1$str$ptr + 1795684
14  chromedriver                        0x0000000100d6ebd8 cxxbridge1$str$ptr + 1796064
15  chromedriver                        0x0000000100d7d334 cxxbridge1$str$ptr + 1855292
16  libsystem_pthread.dylib             0x0000000186332f94 _pthread_start + 136
17  libsystem_pthread.dylib             0x000000018632dd34 thread_start + 8
</msg>
<msg time="2024-08-14T17:24:29.856049" level="WARN">Keyword 'Capture Page Screenshot' could not be run on failure: Message: no such window: target window already closed
from unknown error: web view not found
  (Session info: chrome=127.0.6533.101)
Stacktrace:
0   chromedriver                        0x0000000102f45024 cxxbridge1$str$ptr + 1887276
1   chromedriver                        0x0000000102f3d700 cxxbridge1$str$ptr + 1856264
2   chromedriver                        0x0000000102b4c82c cxxbridge1$string$len + 88524
3   chromedriver                        0x0000000102b27e50 core::str::slice_error_fail::he7b2aa4898bc357e + 3908
4   chromedriver                        0x0000000102bb5574 cxxbridge1$string$len + 517908
5   chromedriver                        0x0000000102bc7dd8 cxxbridge1$string$len + 593784
6   chromedriver                        0x0000000102b85474 cxxbridge1$string$len + 321044
7   chromedriver                        0x0000000102b860e4 cxxbridge1$string$len + 324228
8   chromedriver                        0x0000000102f0ca08 cxxbridge1$str$ptr + 1656336
9   chromedriver                        0x0000000102f11464 cxxbridge1$str$ptr + 1675372
10  chromedriver                        0x0000000102ef28ec cxxbridge1$str$ptr + 1549556
11  chromedriver                        0x0000000102f11c14 cxxbridge1$str$ptr + 1677340
12  chromedriver                        0x0000000102ee45fc cxxbridge1$str$ptr + 1491460
13  chromedriver                        0x0000000102f2ea5c cxxbridge1$str$ptr + 1795684
14  chromedriver                        0x0000000102f2ebd8 cxxbridge1$str$ptr + 1796064
15  chromedriver                        0x0000000102f3d334 cxxbridge1$str$ptr + 1855292
16  libsystem_pthread.dylib             0x0000000186332f94 _pthread_start + 136
17  libsystem_pthread.dylib             0x000000018632dd34 thread_start + 8
</msg>
<msg time="2024-08-14T17:24:38.257678" level="WARN">Keyword 'Capture Page Screenshot' could not be run on failure: Message: no such window: target window already closed
from unknown error: web view not found
  (Session info: chrome=127.0.6533.101)
Stacktrace:
0   chromedriver                        0x0000000105099024 cxxbridge1$str$ptr + 1887276
1   chromedriver                        0x0000000105091700 cxxbridge1$str$ptr + 1856264
2   chromedriver                        0x0000000104ca082c cxxbridge1$string$len + 88524
3   chromedriver                        0x0000000104c7be50 core::str::slice_error_fail::he7b2aa4898bc357e + 3908
4   chromedriver                        0x0000000104d09574 cxxbridge1$string$len + 517908
5   chromedriver                        0x0000000104d1bdd8 cxxbridge1$string$len + 593784
6   chromedriver                        0x0000000104cd9474 cxxbridge1$string$len + 321044
7   chromedriver                        0x0000000104cda0e4 cxxbridge1$string$len + 324228
8   chromedriver                        0x0000000105060a08 cxxbridge1$str$ptr + 1656336
9   chromedriver                        0x0000000105065464 cxxbridge1$str$ptr + 1675372
10  chromedriver                        0x00000001050468ec cxxbridge1$str$ptr + 1549556
11  chromedriver                        0x0000000105065c14 cxxbridge1$str$ptr + 1677340
12  chromedriver                        0x00000001050385fc cxxbridge1$str$ptr + 1491460
13  chromedriver                        0x0000000105082a5c cxxbridge1$str$ptr + 1795684
14  chromedriver                        0x0000000105082bd8 cxxbridge1$str$ptr + 1796064
15  chromedriver                        0x0000000105091334 cxxbridge1$str$ptr + 1855292
16  libsystem_pthread.dylib             0x0000000186332f94 _pthread_start + 136
17  libsystem_pthread.dylib             0x000000018632dd34 thread_start + 8
</msg>
</errors>
</robot>
